<?xml version="1.0" encoding="UTF-8"?>
<!-- Generated by org.testng.reporters.JUnitReportReporter -->
<testsuite hostname="WUST" failures="0" tests="1" name="com.automationcode_18thMar_2023.TN_Register" time="15.092" errors="0" timestamp="2023-03-18T12:35:00 EDT" skipped="0">
  <testcase classname="com.automationcode_18thMar_2023.TN_Register" name="registerPage" time="15.092"/>
  <system-out/>
</testsuite> <!-- com.automationcode_18thMar_2023.TN_Register -->
