<?xml version="1.0" encoding="UTF-8"?>
<!-- Generated by org.testng.reporters.JUnitReportReporter -->
<testsuite hostname="WUST" failures="0" tests="2" name="com.automationcode_19thMar_2023.IntroductionToXpaths" time="12.182" errors="0" timestamp="2023-03-19T11:03:57 EDT" skipped="0">
  <testcase classname="com.automationcode_19thMar_2023.IntroductionToXpaths" name="clickOnSignInLink" time="4.799"/>
  <system-out/>
  <testcase classname="com.automationcode_19thMar_2023.IntroductionToXpaths" name="enterLoginCredentials" time="7.383"/>
  <system-out/>
</testsuite> <!-- com.automationcode_19thMar_2023.IntroductionToXpaths -->
