<?xml version="1.0" encoding="UTF-8"?>
<!-- Generated by org.testng.reporters.JUnitReportReporter -->
<testsuite hostname="WUST" failures="0" tests="2" name="com.automationcode_19thMar_2023.TN_Xpaths" time="19.651" errors="0" timestamp="2023-03-19T11:57:07 EDT" skipped="0">
  <testcase classname="com.automationcode_19thMar_2023.TN_Xpaths" name="registerPage" time="14.256"/>
  <system-out/>
  <testcase classname="com.automationcode_19thMar_2023.TN_Xpaths" name="loginUsingRegisteredDetails" time="5.395"/>
  <system-out/>
</testsuite> <!-- com.automationcode_19thMar_2023.TN_Xpaths -->
