<?xml version="1.0" encoding="UTF-8"?>
<!-- Generated by org.testng.reporters.JUnitReportReporter -->
<testsuite hostname="WUST" failures="0" tests="1" name="com.automationcode_5thMar_2023.RediffLogin" time="14.420" errors="0" timestamp="2023-03-05T15:25:42 EST" skipped="0">
  <testcase classname="com.automationcode_5thMar_2023.RediffLogin" name="rediffTest" time="14.420"/>
  <system-out/>
</testsuite> <!-- com.automationcode_5thMar_2023.RediffLogin -->
