<?xml version="1.0" encoding="UTF-8"?>
<!-- Generated by org.testng.reporters.JUnitReportReporter -->
<testsuite hostname="WUST" failures="0" tests="4" name="com.automationcode_18thMar_2023.TN" time="15.340" errors="0" timestamp="2023-03-18T12:17:35 EDT" skipped="0">
  <testcase classname="com.automationcode_18thMar_2023.TN" name="clickOnMyAccount" time="2.878"/>
  <system-out/>
  <testcase classname="com.automationcode_18thMar_2023.TN" name="clickOnLoginLink" time="4.868"/>
  <system-out/>
  <testcase classname="com.automationcode_18thMar_2023.TN" name="enterLoginCredentials" time="3.469"/>
  <system-out/>
  <testcase classname="com.automationcode_18thMar_2023.TN" name="clickOnLogoutLink" time="4.125"/>
  <system-out/>
</testsuite> <!-- com.automationcode_18thMar_2023.TN -->
