<?xml version="1.0" encoding="UTF-8"?>
<!-- Generated by org.testng.reporters.JUnitReportReporter -->
<testsuite hostname="WUST" failures="0" tests="7" name="com.testngcode_18thMar_2023.InvocationCountUse" time="0.010" errors="0" timestamp="2023-03-18T10:48:57 EDT" skipped="0">
  <testcase classname="com.testngcode_18thMar_2023.InvocationCountUse" name="sample1" time="0.008"/>
  <system-out/>
  <testcase classname="com.testngcode_18thMar_2023.InvocationCountUse" name="sample2" time="0.000"/>
  <system-out/>
  <testcase classname="com.testngcode_18thMar_2023.InvocationCountUse" name="sample3" time="0.000"/>
  <system-out/>
  <testcase classname="com.testngcode_18thMar_2023.InvocationCountUse" name="sample3" time="0.000"/>
  <system-out/>
  <testcase classname="com.testngcode_18thMar_2023.InvocationCountUse" name="sample3" time="0.000"/>
  <system-out/>
  <testcase classname="com.testngcode_18thMar_2023.InvocationCountUse" name="sample3" time="0.001"/>
  <system-out/>
  <testcase classname="com.testngcode_18thMar_2023.InvocationCountUse" name="sample3" time="0.001"/>
  <system-out/>
</testsuite> <!-- com.testngcode_18thMar_2023.InvocationCountUse -->
