<?xml version="1.0" encoding="UTF-8"?>
<!-- Generated by org.testng.reporters.JUnitReportReporter -->
<testsuite hostname="WUST" failures="0" tests="2" name="com.automationcode_19thMar_2023.Facebook_Xpaths" time="6.315" errors="0" timestamp="2023-03-19T13:01:44 EDT" skipped="0">
  <testcase classname="com.automationcode_19thMar_2023.Facebook_Xpaths" name="clickOnCreateNewAccount" time="2.496"/>
  <system-out/>
  <testcase classname="com.automationcode_19thMar_2023.Facebook_Xpaths" name="createNewAccountDetailsPage" time="3.819"/>
  <system-out/>
</testsuite> <!-- com.automationcode_19thMar_2023.Facebook_Xpaths -->
